<?xml version="1.0" encoding="UTF-8"?>
<!-- Generated by org.testng.reporters.JUnitXMLReporter -->
<testsuite ignored="0" hostname="DESKTOP-DCUKDOL" failures="2" tests="4" name="Valid_Invalid_Test" time="9.067" errors="0" timestamp="2026-03-28T10:59:31 IST">
  <testcase classname="testNG.Swag_ValidValid_Login" name="Swag_VU_VP" time="0.032">
    <failure type="java.lang.Error" message="Unresolved compilation problem: 
	Syntax error, insert &amp;quot;;&amp;quot; to complete Statement
">
      <![CDATA[java.lang.Error: Unresolved compilation problem: 
Syntax error, insert ";" to complete Statement

at testNG.Swag_ValidValid_Login.Swag_VU_VP(Swag_ValidValid_Login.java:31)
at java.base/java.util.ArrayList.forEach(ArrayList.java:1604)
... Removed 25 stack frames]]>
    </failure>
  </testcase> <!-- Swag_VU_VP -->
  <testcase classname="testNG.Swag_ValidInValid_Login" name="Swag_VU_IVP" time="0.005">
    <failure type="java.lang.Error" message="Unresolved compilation problem: 
	Syntax error, insert &amp;quot;;&amp;quot; to complete Statement
">
      <![CDATA[java.lang.Error: Unresolved compilation problem: 
Syntax error, insert ";" to complete Statement

at testNG.Swag_ValidInValid_Login.Swag_VU_IVP(Swag_ValidInValid_Login.java:31)
at java.base/java.util.ArrayList.forEach(ArrayList.java:1604)
... Removed 25 stack frames]]>
    </failure>
  </testcase> <!-- Swag_VU_IVP -->
  <testcase classname="testNG.Swag_InValidValid_Login" name="Swag_IVU_VP" time="0.908"/>
  <testcase classname="testNG.Swag_InValidInValid_Login" name="Swag_IVU_IVP" time="0.443"/>
</testsuite> <!-- Valid_Invalid_Test -->
