<?xml version="1.0" encoding="UTF-8"?>
<!-- Generated by org.testng.reporters.JUnitReportReporter -->
<testsuite hostname="DESKTOP-DCUKDOL" failures="0" tests="9" name="pages.LoginPage" time="43.168" errors="0" timestamp="2026-04-08T11:53:59 IST" skipped="0">
  <testcase classname="pages.LoginPage" name="SwagLabsLogin" time="5.348"/>
  <testcase classname="pages.LoginPage" name="SwagLabsLogin" time="4.652"/>
  <testcase classname="pages.LoginPage" name="SwagLabsLogin" time="3.973"/>
  <testcase classname="pages.LoginPage" name="SwagLabsLogin" time="6.669"/>
  <testcase classname="pages.LoginPage" name="SwagLabsLogin" time="4.284"/>
  <testcase classname="pages.LoginPage" name="SwagLabsLogin" time="4.998"/>
  <testcase classname="pages.LoginPage" name="SwagLabsLogin" time="4.525"/>
  <testcase classname="pages.LoginPage" name="SwagLabsLogin" time="4.658"/>
  <testcase classname="pages.LoginPage" name="SwagLabsLogin" time="4.061"/>
</testsuite> <!-- pages.LoginPage -->
