<?xml version="1.0" encoding="UTF-8"?>
<!-- Generated by org.testng.reporters.JUnitReportReporter -->
<testsuite hostname="DESKTOP-DCUKDOL" failures="0" tests="12" name="pages.Swag_Parameters" time="97.299" errors="0" timestamp="2026-04-09T11:55:19 IST" skipped="0">
  <testcase classname="pages.Swag_Parameters" name="ValidValidLogin" time="1.910"/>
  <testcase classname="pages.Swag_Parameters" name="ValidValidLogin" time="11.060"/>
  <testcase classname="pages.Swag_Parameters" name="ValidValidLogin" time="3.565"/>
  <testcase classname="pages.Swag_Parameters" name="InvalidLogin" time="2.895"/>
  <testcase classname="pages.Swag_Parameters" name="InvalidLogin" time="11.458"/>
  <testcase classname="pages.Swag_Parameters" name="InvalidLogin" time="3.088"/>
  <testcase classname="pages.Swag_Parameters" name="ValidInvalidLogin" time="2.454"/>
  <testcase classname="pages.Swag_Parameters" name="ValidInvalidLogin" time="3.530"/>
  <testcase classname="pages.Swag_Parameters" name="ValidInvalidLogin" time="10.464"/>
  <testcase classname="pages.Swag_Parameters" name="InValidvalidLogin" time="3.434"/>
  <testcase classname="pages.Swag_Parameters" name="InValidvalidLogin" time="3.592"/>
  <testcase classname="pages.Swag_Parameters" name="InValidvalidLogin" time="39.849"/>
</testsuite> <!-- pages.Swag_Parameters -->
