<?xml version="1.0" encoding="UTF-8"?>
<!-- Generated by org.testng.reporters.JUnitReportReporter -->
<testsuite hostname="DESKTOP-DCUKDOL" failures="0" tests="4" name="testNG.SwagLoginPage" time="13.085" errors="0" timestamp="2026-03-26T11:46:08 IST" skipped="0">
  <testcase classname="testNG.SwagLoginPage" name="Swag_VU_VP" time="2.208"/>
  <testcase classname="testNG.SwagLoginPage" name="Swag_IVU_IVP" time="1.631"/>
  <testcase classname="testNG.SwagLoginPage" name="Swag_VU_IVP" time="4.656"/>
  <testcase classname="testNG.SwagLoginPage" name="Swag_IVU_VP" time="4.590"/>
</testsuite> <!-- testNG.SwagLoginPage -->
