<?xml version="1.0" encoding="UTF-8"?>
<!-- Generated by org.testng.reporters.JUnitReportReporter -->
<testsuite hostname="DESKTOP-DCUKDOL" failures="0" tests="7" name="dataDriven_SwagLabs.SwagTestData_ExcelSheets" time="72.196" errors="0" timestamp="2026-03-31T11:49:01 IST" skipped="0">
  <testcase classname="dataDriven_SwagLabs.SwagTestData_ExcelSheets" name="SwagLabsLogin" time="9.978"/>
  <testcase classname="dataDriven_SwagLabs.SwagTestData_ExcelSheets" name="SwagLabsLogin" time="9.958"/>
  <testcase classname="dataDriven_SwagLabs.SwagTestData_ExcelSheets" name="SwagLabsLogin" time="10.418"/>
  <testcase classname="dataDriven_SwagLabs.SwagTestData_ExcelSheets" name="SwagLabsLogin" time="10.315"/>
  <testcase classname="dataDriven_SwagLabs.SwagTestData_ExcelSheets" name="SwagLabsLogin" time="10.859"/>
  <testcase classname="dataDriven_SwagLabs.SwagTestData_ExcelSheets" name="SwagLabsLogin" time="10.258"/>
  <testcase classname="dataDriven_SwagLabs.SwagTestData_ExcelSheets" name="SwagLabsLogin" time="10.410"/>
</testsuite> <!-- dataDriven_SwagLabs.SwagTestData_ExcelSheets -->
