<?xml version="1.0" encoding="UTF-8"?>
<!-- Generated by org.testng.reporters.JUnitReportReporter -->
<testsuite hostname="DESKTOP-DCUKDOL" failures="0" tests="8" name="testNG.Sample_TestNG_Script" time="0.036" errors="0" timestamp="2026-03-26T11:15:10 IST" skipped="1">
  <testcase classname="testNG.Sample_TestNG_Script" name="India" time="0.022"/>
  <testcase classname="testNG.Sample_TestNG_Script" name="Telangana" time="0.002"/>
  <testcase classname="testNG.Sample_TestNG_Script" name="Hyderabad" time="0.003"/>
  <testcase classname="testNG.Sample_TestNG_Script" name="Ameerpet" time="0.002"/>
  <testcase classname="testNG.Sample_TestNG_Script" name="Ameerpet" time="0.003"/>
  <testcase classname="testNG.Sample_TestNG_Script" name="Ameerpet" time="0.001"/>
  <testcase classname="testNG.Sample_TestNG_Script" name="Ameerpet" time="0.003"/>
  <testcase classname="testNG.Sample_TestNG_Script" name="Gachibowli">
    <skipped/>
  </testcase> <!-- Gachibowli -->
</testsuite> <!-- testNG.Sample_TestNG_Script -->
