<?xml version="1.0" encoding="UTF-8"?>
<testng-results ignored="0" total="4" passed="4" failed="0" skipped="0">
  <reporter-output>
  </reporter-output>
  <suite started-at="2026-03-26T11:45:55 IST" name="Default suite" finished-at="2026-03-26T11:46:08 IST" duration-ms="13139">
    <groups>
    </groups>
    <test started-at="2026-03-26T11:45:55 IST" name="Default test" finished-at="2026-03-26T11:46:08 IST" duration-ms="13139">
      <class name="testNG.SwagLoginPage">
        <test-method is-config="true" signature="BrowserLaunch()[pri:0, instance:testNG.SwagLoginPage@1725dc0f]" started-at="2026-03-26T11:45:55 IST" name="BrowserLaunch" finished-at="2026-03-26T11:45:57 IST" duration-ms="1710" status="PASS">
          <reporter-output>
          </reporter-output>
        </test-method> <!-- BrowserLaunch -->
        <test-method signature="Swag_VU_VP()[pri:0, instance:testNG.SwagLoginPage@1725dc0f]" started-at="2026-03-26T11:45:57 IST" name="Swag_VU_VP" finished-at="2026-03-26T11:45:57 IST" duration-ms="349" status="PASS">
          <reporter-output>
          </reporter-output>
        </test-method> <!-- Swag_VU_VP -->
        <test-method is-config="true" signature="BrowserClose()[pri:0, instance:testNG.SwagLoginPage@1725dc0f]" started-at="2026-03-26T11:45:57 IST" name="BrowserClose" finished-at="2026-03-26T11:45:57 IST" duration-ms="149" status="PASS">
          <reporter-output>
          </reporter-output>
        </test-method> <!-- BrowserClose -->
        <test-method is-config="true" signature="BrowserLaunch()[pri:0, instance:testNG.SwagLoginPage@1725dc0f]" started-at="2026-03-26T11:45:57 IST" name="BrowserLaunch" finished-at="2026-03-26T11:45:58 IST" duration-ms="1225" status="PASS">
          <reporter-output>
          </reporter-output>
        </test-method> <!-- BrowserLaunch -->
        <test-method signature="Swag_IVU_IVP()[pri:1, instance:testNG.SwagLoginPage@1725dc0f]" started-at="2026-03-26T11:45:58 IST" name="Swag_IVU_IVP" finished-at="2026-03-26T11:45:59 IST" duration-ms="286" status="PASS">
          <reporter-output>
          </reporter-output>
        </test-method> <!-- Swag_IVU_IVP -->
        <test-method is-config="true" signature="BrowserClose()[pri:0, instance:testNG.SwagLoginPage@1725dc0f]" started-at="2026-03-26T11:45:59 IST" name="BrowserClose" finished-at="2026-03-26T11:45:59 IST" duration-ms="120" status="PASS">
          <reporter-output>
          </reporter-output>
        </test-method> <!-- BrowserClose -->
        <test-method is-config="true" signature="BrowserLaunch()[pri:0, instance:testNG.SwagLoginPage@1725dc0f]" started-at="2026-03-26T11:45:59 IST" name="BrowserLaunch" finished-at="2026-03-26T11:46:00 IST" duration-ms="1212" status="PASS">
          <reporter-output>
          </reporter-output>
        </test-method> <!-- BrowserLaunch -->
        <test-method signature="Swag_VU_IVP()[pri:2, instance:testNG.SwagLoginPage@1725dc0f]" started-at="2026-03-26T11:46:00 IST" name="Swag_VU_IVP" finished-at="2026-03-26T11:46:03 IST" duration-ms="3310" status="PASS">
          <reporter-output>
          </reporter-output>
        </test-method> <!-- Swag_VU_IVP -->
        <test-method is-config="true" signature="BrowserClose()[pri:0, instance:testNG.SwagLoginPage@1725dc0f]" started-at="2026-03-26T11:46:03 IST" name="BrowserClose" finished-at="2026-03-26T11:46:03 IST" duration-ms="134" status="PASS">
          <reporter-output>
          </reporter-output>
        </test-method> <!-- BrowserClose -->
        <test-method is-config="true" signature="BrowserLaunch()[pri:0, instance:testNG.SwagLoginPage@1725dc0f]" started-at="2026-03-26T11:46:03 IST" name="BrowserLaunch" finished-at="2026-03-26T11:46:05 IST" duration-ms="1225" status="PASS">
          <reporter-output>
          </reporter-output>
        </test-method> <!-- BrowserLaunch -->
        <test-method signature="Swag_IVU_VP()[pri:3, instance:testNG.SwagLoginPage@1725dc0f]" started-at="2026-03-26T11:46:05 IST" name="Swag_IVU_VP" finished-at="2026-03-26T11:46:08 IST" duration-ms="3263" status="PASS">
          <reporter-output>
          </reporter-output>
        </test-method> <!-- Swag_IVU_VP -->
        <test-method is-config="true" signature="BrowserClose()[pri:0, instance:testNG.SwagLoginPage@1725dc0f]" started-at="2026-03-26T11:46:08 IST" name="BrowserClose" finished-at="2026-03-26T11:46:08 IST" duration-ms="102" status="PASS">
          <reporter-output>
          </reporter-output>
        </test-method> <!-- BrowserClose -->
      </class> <!-- testNG.SwagLoginPage -->
    </test> <!-- Default test -->
  </suite> <!-- Default suite -->
</testng-results>
