<?xml version="1.0" encoding="UTF-8"?>
<!-- Generated by org.testng.reporters.JUnitXMLReporter -->
<testsuite ignored="0" hostname="DESKTOP-DCUKDOL" failures="0" tests="4" name="ChromeTest" time="10.956" errors="0" timestamp="2026-04-09T11:53:52 IST">
  <testcase classname="pages.Swag_Parameters" name="ValidValidLogin" time="0.512"/>
  <testcase classname="pages.Swag_Parameters" name="InvalidLogin" time="0.864"/>
  <testcase classname="pages.Swag_Parameters" name="ValidInvalidLogin" time="0.464"/>
  <testcase classname="pages.Swag_Parameters" name="InValidvalidLogin" time="0.48"/>
</testsuite> <!-- ChromeTest -->
