<?xml version="1.0" encoding="UTF-8"?>
<!-- Generated by org.testng.reporters.JUnitXMLReporter -->
<testsuite ignored="0" hostname="DESKTOP-DCUKDOL" failures="0" tests="4" name="EdgeTest" time="13.646" errors="0" timestamp="2026-04-09T11:54:06 IST">
  <testcase classname="pages.Swag_Parameters" name="ValidValidLogin" time="0.776"/>
  <testcase classname="pages.Swag_Parameters" name="InvalidLogin" time="0.692"/>
  <testcase classname="pages.Swag_Parameters" name="ValidInvalidLogin" time="0.788"/>
  <testcase classname="pages.Swag_Parameters" name="InValidvalidLogin" time="0.688"/>
</testsuite> <!-- EdgeTest -->
