<?xml version="1.0" encoding="UTF-8"?>
<!-- Generated by org.testng.reporters.JUnitXMLReporter -->
<testsuite ignored="0" hostname="DESKTOP-DCUKDOL" failures="0" tests="4" name="FireFoxTest" time="72.858" errors="0" timestamp="2026-04-09T11:55:19 IST">
  <testcase classname="pages.Swag_Parameters" name="ValidValidLogin" time="0.867"/>
  <testcase classname="pages.Swag_Parameters" name="InvalidLogin" time="1.09"/>
  <testcase classname="pages.Swag_Parameters" name="ValidInvalidLogin" time="0.801"/>
  <testcase classname="pages.Swag_Parameters" name="InValidvalidLogin" time="0.792"/>
</testsuite> <!-- FireFoxTest -->
