<?xml version="1.0" encoding="UTF-8"?>
<testng-results ignored="0" total="9" passed="9" failed="0" skipped="0">
  <reporter-output>
  </reporter-output>
  <suite started-at="2026-04-08T11:53:15 IST" name="Default suite" finished-at="2026-04-08T11:53:59 IST" duration-ms="44343">
    <groups>
    </groups>
    <test started-at="2026-04-08T11:53:15 IST" name="Default test" finished-at="2026-04-08T11:53:59 IST" duration-ms="44343">
      <class name="pages.LoginPage">
        <test-method is-config="true" signature="setup()[pri:0, instance:pages.LoginPage@55b7a4e0]" started-at="2026-04-08T11:53:16 IST" name="setup" finished-at="2026-04-08T11:53:19 IST" duration-ms="3440" status="PASS">
          <reporter-output>
          </reporter-output>
        </test-method> <!-- setup -->
        <test-method signature="SwagLabsLogin(java.lang.String,java.lang.String)[pri:0, instance:pages.LoginPage@55b7a4e0]" started-at="2026-04-08T11:53:19 IST" name="SwagLabsLogin" data-provider="SwagLabs_All_TestCases" finished-at="2026-04-08T11:53:22 IST" duration-ms="2646" status="PASS">
          <params>
            <param index="0">
              <value>
                <![CDATA[standard_user]]>
              </value>
            </param>
            <param index="1">
              <value>
                <![CDATA[secret_sauce]]>
              </value>
            </param>
          </params>
          <reporter-output>
          </reporter-output>
        </test-method> <!-- SwagLabsLogin -->
        <test-method is-config="true" signature="tearDown()[pri:0, instance:pages.LoginPage@55b7a4e0]" started-at="2026-04-08T11:53:22 IST" name="tearDown" finished-at="2026-04-08T11:53:22 IST" duration-ms="364" status="PASS">
          <reporter-output>
          </reporter-output>
        </test-method> <!-- tearDown -->
        <test-method is-config="true" signature="setup()[pri:0, instance:pages.LoginPage@55b7a4e0]" started-at="2026-04-08T11:53:22 IST" name="setup" finished-at="2026-04-08T11:53:24 IST" duration-ms="1468" status="PASS">
          <reporter-output>
          </reporter-output>
        </test-method> <!-- setup -->
        <test-method signature="SwagLabsLogin(java.lang.String,java.lang.String)[pri:0, instance:pages.LoginPage@55b7a4e0]" started-at="2026-04-08T11:53:24 IST" name="SwagLabsLogin" data-provider="SwagLabs_All_TestCases" finished-at="2026-04-08T11:53:26 IST" duration-ms="2896" status="PASS">
          <params>
            <param index="0">
              <value>
                <![CDATA[standard_user]]>
              </value>
            </param>
            <param index="1">
              <value>
                <![CDATA[invalidpwd]]>
              </value>
            </param>
          </params>
          <reporter-output>
          </reporter-output>
        </test-method> <!-- SwagLabsLogin -->
        <test-method is-config="true" signature="tearDown()[pri:0, instance:pages.LoginPage@55b7a4e0]" started-at="2026-04-08T11:53:26 IST" name="tearDown" finished-at="2026-04-08T11:53:27 IST" duration-ms="277" status="PASS">
          <reporter-output>
          </reporter-output>
        </test-method> <!-- tearDown -->
        <test-method is-config="true" signature="setup()[pri:0, instance:pages.LoginPage@55b7a4e0]" started-at="2026-04-08T11:53:27 IST" name="setup" finished-at="2026-04-08T11:53:28 IST" duration-ms="1318" status="PASS">
          <reporter-output>
          </reporter-output>
        </test-method> <!-- setup -->
        <test-method signature="SwagLabsLogin(java.lang.String,java.lang.String)[pri:0, instance:pages.LoginPage@55b7a4e0]" started-at="2026-04-08T11:53:28 IST" name="SwagLabsLogin" data-provider="SwagLabs_All_TestCases" finished-at="2026-04-08T11:53:31 IST" duration-ms="2866" status="PASS">
          <params>
            <param index="0">
              <value>
                <![CDATA[invaliduser]]>
              </value>
            </param>
            <param index="1">
              <value>
                <![CDATA[secret_sauce]]>
              </value>
            </param>
          </params>
          <reporter-output>
          </reporter-output>
        </test-method> <!-- SwagLabsLogin -->
        <test-method is-config="true" signature="tearDown()[pri:0, instance:pages.LoginPage@55b7a4e0]" started-at="2026-04-08T11:53:31 IST" name="tearDown" finished-at="2026-04-08T11:53:31 IST" duration-ms="321" status="PASS">
          <reporter-output>
          </reporter-output>
        </test-method> <!-- tearDown -->
        <test-method is-config="true" signature="setup()[pri:0, instance:pages.LoginPage@55b7a4e0]" started-at="2026-04-08T11:53:31 IST" name="setup" finished-at="2026-04-08T11:53:33 IST" duration-ms="1320" status="PASS">
          <reporter-output>
          </reporter-output>
        </test-method> <!-- setup -->
        <test-method signature="SwagLabsLogin(java.lang.String,java.lang.String)[pri:0, instance:pages.LoginPage@55b7a4e0]" started-at="2026-04-08T11:53:33 IST" name="SwagLabsLogin" data-provider="SwagLabs_All_TestCases" finished-at="2026-04-08T11:53:35 IST" duration-ms="2879" status="PASS">
          <params>
            <param index="0">
              <value>
                <![CDATA[invaliduser]]>
              </value>
            </param>
            <param index="1">
              <value>
                <![CDATA[invalidpwd]]>
              </value>
            </param>
          </params>
          <reporter-output>
          </reporter-output>
        </test-method> <!-- SwagLabsLogin -->
        <test-method is-config="true" signature="tearDown()[pri:0, instance:pages.LoginPage@55b7a4e0]" started-at="2026-04-08T11:53:35 IST" name="tearDown" finished-at="2026-04-08T11:53:36 IST" duration-ms="281" status="PASS">
          <reporter-output>
          </reporter-output>
        </test-method> <!-- tearDown -->
        <test-method is-config="true" signature="setup()[pri:0, instance:pages.LoginPage@55b7a4e0]" started-at="2026-04-08T11:53:36 IST" name="setup" finished-at="2026-04-08T11:53:38 IST" duration-ms="2115" status="PASS">
          <reporter-output>
          </reporter-output>
        </test-method> <!-- setup -->
        <test-method signature="SwagLabsLogin(java.lang.String,java.lang.String)[pri:0, instance:pages.LoginPage@55b7a4e0]" started-at="2026-04-08T11:53:38 IST" name="SwagLabsLogin" data-provider="SwagLabs_All_TestCases" finished-at="2026-04-08T11:53:40 IST" duration-ms="2434" status="PASS">
          <params>
            <param index="0">
              <value>
                <![CDATA[standard_user]]>
              </value>
            </param>
            <param index="1">
              <value>
                <![CDATA[]]>
              </value>
            </param>
          </params>
          <reporter-output>
          </reporter-output>
        </test-method> <!-- SwagLabsLogin -->
        <test-method is-config="true" signature="tearDown()[pri:0, instance:pages.LoginPage@55b7a4e0]" started-at="2026-04-08T11:53:40 IST" name="tearDown" finished-at="2026-04-08T11:53:41 IST" duration-ms="320" status="PASS">
          <reporter-output>
          </reporter-output>
        </test-method> <!-- tearDown -->
        <test-method is-config="true" signature="setup()[pri:0, instance:pages.LoginPage@55b7a4e0]" started-at="2026-04-08T11:53:41 IST" name="setup" finished-at="2026-04-08T11:53:42 IST" duration-ms="1821" status="PASS">
          <reporter-output>
          </reporter-output>
        </test-method> <!-- setup -->
        <test-method signature="SwagLabsLogin(java.lang.String,java.lang.String)[pri:0, instance:pages.LoginPage@55b7a4e0]" started-at="2026-04-08T11:53:42 IST" name="SwagLabsLogin" data-provider="SwagLabs_All_TestCases" finished-at="2026-04-08T11:53:45 IST" duration-ms="2383" status="PASS">
          <params>
            <param index="0">
              <value>
                <![CDATA[invaliduser]]>
              </value>
            </param>
            <param index="1">
              <value>
                <![CDATA[]]>
              </value>
            </param>
          </params>
          <reporter-output>
          </reporter-output>
        </test-method> <!-- SwagLabsLogin -->
        <test-method is-config="true" signature="tearDown()[pri:0, instance:pages.LoginPage@55b7a4e0]" started-at="2026-04-08T11:53:45 IST" name="tearDown" finished-at="2026-04-08T11:53:45 IST" duration-ms="350" status="PASS">
          <reporter-output>
          </reporter-output>
        </test-method> <!-- tearDown -->
        <test-method is-config="true" signature="setup()[pri:0, instance:pages.LoginPage@55b7a4e0]" started-at="2026-04-08T11:53:45 IST" name="setup" finished-at="2026-04-08T11:53:47 IST" duration-ms="1937" status="PASS">
          <reporter-output>
          </reporter-output>
        </test-method> <!-- setup -->
        <test-method signature="SwagLabsLogin(java.lang.String,java.lang.String)[pri:0, instance:pages.LoginPage@55b7a4e0]" started-at="2026-04-08T11:53:47 IST" name="SwagLabsLogin" data-provider="SwagLabs_All_TestCases" finished-at="2026-04-08T11:53:50 IST" duration-ms="2391" status="PASS">
          <params>
            <param index="0">
              <value>
                <![CDATA[]]>
              </value>
            </param>
            <param index="1">
              <value>
                <![CDATA[secret_sauce]]>
              </value>
            </param>
          </params>
          <reporter-output>
          </reporter-output>
        </test-method> <!-- SwagLabsLogin -->
        <test-method is-config="true" signature="tearDown()[pri:0, instance:pages.LoginPage@55b7a4e0]" started-at="2026-04-08T11:53:50 IST" name="tearDown" finished-at="2026-04-08T11:53:50 IST" duration-ms="367" status="PASS">
          <reporter-output>
          </reporter-output>
        </test-method> <!-- tearDown -->
        <test-method is-config="true" signature="setup()[pri:0, instance:pages.LoginPage@55b7a4e0]" started-at="2026-04-08T11:53:50 IST" name="setup" finished-at="2026-04-08T11:53:51 IST" duration-ms="1393" status="PASS">
          <reporter-output>
          </reporter-output>
        </test-method> <!-- setup -->
        <test-method signature="SwagLabsLogin(java.lang.String,java.lang.String)[pri:0, instance:pages.LoginPage@55b7a4e0]" started-at="2026-04-08T11:53:51 IST" name="SwagLabsLogin" data-provider="SwagLabs_All_TestCases" finished-at="2026-04-08T11:53:54 IST" duration-ms="2806" status="PASS">
          <params>
            <param index="0">
              <value>
                <![CDATA[]]>
              </value>
            </param>
            <param index="1">
              <value>
                <![CDATA[invalidpwd]]>
              </value>
            </param>
          </params>
          <reporter-output>
          </reporter-output>
        </test-method> <!-- SwagLabsLogin -->
        <test-method is-config="true" signature="tearDown()[pri:0, instance:pages.LoginPage@55b7a4e0]" started-at="2026-04-08T11:53:54 IST" name="tearDown" finished-at="2026-04-08T11:53:54 IST" duration-ms="294" status="PASS">
          <reporter-output>
          </reporter-output>
        </test-method> <!-- tearDown -->
        <test-method is-config="true" signature="setup()[pri:0, instance:pages.LoginPage@55b7a4e0]" started-at="2026-04-08T11:53:54 IST" name="setup" finished-at="2026-04-08T11:53:56 IST" duration-ms="1828" status="PASS">
          <reporter-output>
          </reporter-output>
        </test-method> <!-- setup -->
        <test-method signature="SwagLabsLogin(java.lang.String,java.lang.String)[pri:0, instance:pages.LoginPage@55b7a4e0]" started-at="2026-04-08T11:53:56 IST" name="SwagLabsLogin" data-provider="SwagLabs_All_TestCases" finished-at="2026-04-08T11:53:59 IST" duration-ms="2370" status="PASS">
          <params>
            <param index="0">
              <value>
                <![CDATA[]]>
              </value>
            </param>
            <param index="1">
              <value>
                <![CDATA[]]>
              </value>
            </param>
          </params>
          <reporter-output>
          </reporter-output>
        </test-method> <!-- SwagLabsLogin -->
        <test-method is-config="true" signature="tearDown()[pri:0, instance:pages.LoginPage@55b7a4e0]" started-at="2026-04-08T11:53:59 IST" name="tearDown" finished-at="2026-04-08T11:53:59 IST" duration-ms="283" status="PASS">
          <reporter-output>
          </reporter-output>
        </test-method> <!-- tearDown -->
      </class> <!-- pages.LoginPage -->
    </test> <!-- Default test -->
  </suite> <!-- Default suite -->
</testng-results>
