<?xml version="1.0" encoding="UTF-8"?>
<testng-results ignored="0" total="12" passed="12" failed="0" skipped="0">
  <reporter-output>
  </reporter-output>
  <suite started-at="2026-04-09T11:53:41 IST" name="ParametersSuite" finished-at="2026-04-09T11:55:19 IST" duration-ms="97533">
    <groups>
    </groups>
    <test started-at="2026-04-09T11:53:41 IST" name="ChromeTest" finished-at="2026-04-09T11:53:52 IST" duration-ms="10956">
      <class name="pages.Swag_Parameters">
        <test-method is-config="true" signature="BrowserSetup(java.lang.String,java.lang.String)[pri:0, instance:pages.Swag_Parameters@188715b5]" started-at="2026-04-09T11:53:41 IST" name="BrowserSetup" finished-at="2026-04-09T11:53:44 IST" duration-ms="2771" status="PASS">
          <params>
            <param index="0">
              <value>
                <![CDATA[chrome]]>
              </value>
            </param>
            <param index="1">
              <value>
                <![CDATA[https://www.saucedemo.com/]]>
              </value>
            </param>
          </params>
          <reporter-output>
          </reporter-output>
        </test-method> <!-- BrowserSetup -->
        <test-method signature="ValidValidLogin(java.lang.String,java.lang.String)[pri:1, instance:pages.Swag_Parameters@188715b5]" started-at="2026-04-09T11:53:44 IST" name="ValidValidLogin" finished-at="2026-04-09T11:53:44 IST" duration-ms="512" status="PASS">
          <params>
            <param index="0">
              <value>
                <![CDATA[standard_user]]>
              </value>
            </param>
            <param index="1">
              <value>
                <![CDATA[secret_sauce]]>
              </value>
            </param>
          </params>
          <reporter-output>
          </reporter-output>
        </test-method> <!-- ValidValidLogin -->
        <test-method is-config="true" signature="BrowserTearDown()[pri:0, instance:pages.Swag_Parameters@188715b5]" started-at="2026-04-09T11:53:44 IST" name="BrowserTearDown" finished-at="2026-04-09T11:53:45 IST" duration-ms="270" status="PASS">
          <reporter-output>
          </reporter-output>
        </test-method> <!-- BrowserTearDown -->
        <test-method is-config="true" signature="BrowserSetup(java.lang.String,java.lang.String)[pri:0, instance:pages.Swag_Parameters@188715b5]" started-at="2026-04-09T11:53:45 IST" name="BrowserSetup" finished-at="2026-04-09T11:53:46 IST" duration-ms="1128" status="PASS">
          <params>
            <param index="0">
              <value>
                <![CDATA[chrome]]>
              </value>
            </param>
            <param index="1">
              <value>
                <![CDATA[https://www.saucedemo.com/]]>
              </value>
            </param>
          </params>
          <reporter-output>
          </reporter-output>
        </test-method> <!-- BrowserSetup -->
        <test-method signature="InvalidLogin(java.lang.String,java.lang.String)[pri:2, instance:pages.Swag_Parameters@188715b5]" started-at="2026-04-09T11:53:46 IST" name="InvalidLogin" finished-at="2026-04-09T11:53:47 IST" duration-ms="864" status="PASS">
          <params>
            <param index="0">
              <value>
                <![CDATA[invalidusername]]>
              </value>
            </param>
            <param index="1">
              <value>
                <![CDATA[invalidpassword]]>
              </value>
            </param>
          </params>
          <reporter-output>
          </reporter-output>
        </test-method> <!-- InvalidLogin -->
        <test-method is-config="true" signature="BrowserTearDown()[pri:0, instance:pages.Swag_Parameters@188715b5]" started-at="2026-04-09T11:53:47 IST" name="BrowserTearDown" finished-at="2026-04-09T11:53:47 IST" duration-ms="287" status="PASS">
          <reporter-output>
          </reporter-output>
        </test-method> <!-- BrowserTearDown -->
        <test-method is-config="true" signature="BrowserSetup(java.lang.String,java.lang.String)[pri:0, instance:pages.Swag_Parameters@188715b5]" started-at="2026-04-09T11:53:47 IST" name="BrowserSetup" finished-at="2026-04-09T11:53:49 IST" duration-ms="1756" status="PASS">
          <params>
            <param index="0">
              <value>
                <![CDATA[chrome]]>
              </value>
            </param>
            <param index="1">
              <value>
                <![CDATA[https://www.saucedemo.com/]]>
              </value>
            </param>
          </params>
          <reporter-output>
          </reporter-output>
        </test-method> <!-- BrowserSetup -->
        <test-method signature="ValidInvalidLogin(java.lang.String,java.lang.String)[pri:3, instance:pages.Swag_Parameters@188715b5]" started-at="2026-04-09T11:53:49 IST" name="ValidInvalidLogin" finished-at="2026-04-09T11:53:49 IST" duration-ms="464" status="PASS">
          <params>
            <param index="0">
              <value>
                <![CDATA[standard_user]]>
              </value>
            </param>
            <param index="1">
              <value>
                <![CDATA[invalidpassword]]>
              </value>
            </param>
          </params>
          <reporter-output>
          </reporter-output>
        </test-method> <!-- ValidInvalidLogin -->
        <test-method is-config="true" signature="BrowserTearDown()[pri:0, instance:pages.Swag_Parameters@188715b5]" started-at="2026-04-09T11:53:49 IST" name="BrowserTearDown" finished-at="2026-04-09T11:53:50 IST" duration-ms="341" status="PASS">
          <reporter-output>
          </reporter-output>
        </test-method> <!-- BrowserTearDown -->
        <test-method is-config="true" signature="BrowserSetup(java.lang.String,java.lang.String)[pri:0, instance:pages.Swag_Parameters@188715b5]" started-at="2026-04-09T11:53:50 IST" name="BrowserSetup" finished-at="2026-04-09T11:53:51 IST" duration-ms="1744" status="PASS">
          <params>
            <param index="0">
              <value>
                <![CDATA[chrome]]>
              </value>
            </param>
            <param index="1">
              <value>
                <![CDATA[https://www.saucedemo.com/]]>
              </value>
            </param>
          </params>
          <reporter-output>
          </reporter-output>
        </test-method> <!-- BrowserSetup -->
        <test-method signature="InValidvalidLogin(java.lang.String,java.lang.String)[pri:4, instance:pages.Swag_Parameters@188715b5]" started-at="2026-04-09T11:53:51 IST" name="InValidvalidLogin" finished-at="2026-04-09T11:53:52 IST" duration-ms="480" status="PASS">
          <params>
            <param index="0">
              <value>
                <![CDATA[invalidusername]]>
              </value>
            </param>
            <param index="1">
              <value>
                <![CDATA[secret_sauce]]>
              </value>
            </param>
          </params>
          <reporter-output>
          </reporter-output>
        </test-method> <!-- InValidvalidLogin -->
        <test-method is-config="true" signature="BrowserTearDown()[pri:0, instance:pages.Swag_Parameters@188715b5]" started-at="2026-04-09T11:53:52 IST" name="BrowserTearDown" finished-at="2026-04-09T11:53:52 IST" duration-ms="234" status="PASS">
          <reporter-output>
          </reporter-output>
        </test-method> <!-- BrowserTearDown -->
      </class> <!-- pages.Swag_Parameters -->
    </test> <!-- ChromeTest -->
    <test started-at="2026-04-09T11:53:52 IST" name="EdgeTest" finished-at="2026-04-09T11:54:06 IST" duration-ms="13646">
      <class name="pages.Swag_Parameters">
        <test-method is-config="true" signature="BrowserSetup(java.lang.String,java.lang.String)[pri:0, instance:pages.Swag_Parameters@6adbc9d]" started-at="2026-04-09T11:53:52 IST" name="BrowserSetup" finished-at="2026-04-09T11:53:54 IST" duration-ms="1922" status="PASS">
          <params>
            <param index="0">
              <value>
                <![CDATA[edge]]>
              </value>
            </param>
            <param index="1">
              <value>
                <![CDATA[https://www.saucedemo.com/]]>
              </value>
            </param>
          </params>
          <reporter-output>
          </reporter-output>
        </test-method> <!-- BrowserSetup -->
        <test-method signature="ValidValidLogin(java.lang.String,java.lang.String)[pri:1, instance:pages.Swag_Parameters@6adbc9d]" started-at="2026-04-09T11:53:54 IST" name="ValidValidLogin" finished-at="2026-04-09T11:53:55 IST" duration-ms="776" status="PASS">
          <params>
            <param index="0">
              <value>
                <![CDATA[standard_user]]>
              </value>
            </param>
            <param index="1">
              <value>
                <![CDATA[secret_sauce]]>
              </value>
            </param>
          </params>
          <reporter-output>
          </reporter-output>
        </test-method> <!-- ValidValidLogin -->
        <test-method is-config="true" signature="BrowserTearDown()[pri:0, instance:pages.Swag_Parameters@6adbc9d]" started-at="2026-04-09T11:53:55 IST" name="BrowserTearDown" finished-at="2026-04-09T11:53:55 IST" duration-ms="474" status="PASS">
          <reporter-output>
          </reporter-output>
        </test-method> <!-- BrowserTearDown -->
        <test-method is-config="true" signature="BrowserSetup(java.lang.String,java.lang.String)[pri:0, instance:pages.Swag_Parameters@6adbc9d]" started-at="2026-04-09T11:53:55 IST" name="BrowserSetup" finished-at="2026-04-09T11:53:58 IST" duration-ms="2352" status="PASS">
          <params>
            <param index="0">
              <value>
                <![CDATA[edge]]>
              </value>
            </param>
            <param index="1">
              <value>
                <![CDATA[https://www.saucedemo.com/]]>
              </value>
            </param>
          </params>
          <reporter-output>
          </reporter-output>
        </test-method> <!-- BrowserSetup -->
        <test-method signature="InvalidLogin(java.lang.String,java.lang.String)[pri:2, instance:pages.Swag_Parameters@6adbc9d]" started-at="2026-04-09T11:53:58 IST" name="InvalidLogin" finished-at="2026-04-09T11:53:58 IST" duration-ms="692" status="PASS">
          <params>
            <param index="0">
              <value>
                <![CDATA[invalidusername]]>
              </value>
            </param>
            <param index="1">
              <value>
                <![CDATA[invalidpassword]]>
              </value>
            </param>
          </params>
          <reporter-output>
          </reporter-output>
        </test-method> <!-- InvalidLogin -->
        <test-method is-config="true" signature="BrowserTearDown()[pri:0, instance:pages.Swag_Parameters@6adbc9d]" started-at="2026-04-09T11:53:58 IST" name="BrowserTearDown" finished-at="2026-04-09T11:53:59 IST" duration-ms="478" status="PASS">
          <reporter-output>
          </reporter-output>
        </test-method> <!-- BrowserTearDown -->
        <test-method is-config="true" signature="BrowserSetup(java.lang.String,java.lang.String)[pri:0, instance:pages.Swag_Parameters@6adbc9d]" started-at="2026-04-09T11:53:59 IST" name="BrowserSetup" finished-at="2026-04-09T11:54:01 IST" duration-ms="2271" status="PASS">
          <params>
            <param index="0">
              <value>
                <![CDATA[edge]]>
              </value>
            </param>
            <param index="1">
              <value>
                <![CDATA[https://www.saucedemo.com/]]>
              </value>
            </param>
          </params>
          <reporter-output>
          </reporter-output>
        </test-method> <!-- BrowserSetup -->
        <test-method signature="ValidInvalidLogin(java.lang.String,java.lang.String)[pri:3, instance:pages.Swag_Parameters@6adbc9d]" started-at="2026-04-09T11:54:01 IST" name="ValidInvalidLogin" finished-at="2026-04-09T11:54:02 IST" duration-ms="788" status="PASS">
          <params>
            <param index="0">
              <value>
                <![CDATA[standard_user]]>
              </value>
            </param>
            <param index="1">
              <value>
                <![CDATA[invalidpassword]]>
              </value>
            </param>
          </params>
          <reporter-output>
          </reporter-output>
        </test-method> <!-- ValidInvalidLogin -->
        <test-method is-config="true" signature="BrowserTearDown()[pri:0, instance:pages.Swag_Parameters@6adbc9d]" started-at="2026-04-09T11:54:02 IST" name="BrowserTearDown" finished-at="2026-04-09T11:54:02 IST" duration-ms="471" status="PASS">
          <reporter-output>
          </reporter-output>
        </test-method> <!-- BrowserTearDown -->
        <test-method is-config="true" signature="BrowserSetup(java.lang.String,java.lang.String)[pri:0, instance:pages.Swag_Parameters@6adbc9d]" started-at="2026-04-09T11:54:02 IST" name="BrowserSetup" finished-at="2026-04-09T11:54:05 IST" duration-ms="2268" status="PASS">
          <params>
            <param index="0">
              <value>
                <![CDATA[edge]]>
              </value>
            </param>
            <param index="1">
              <value>
                <![CDATA[https://www.saucedemo.com/]]>
              </value>
            </param>
          </params>
          <reporter-output>
          </reporter-output>
        </test-method> <!-- BrowserSetup -->
        <test-method signature="InValidvalidLogin(java.lang.String,java.lang.String)[pri:4, instance:pages.Swag_Parameters@6adbc9d]" started-at="2026-04-09T11:54:05 IST" name="InValidvalidLogin" finished-at="2026-04-09T11:54:05 IST" duration-ms="688" status="PASS">
          <params>
            <param index="0">
              <value>
                <![CDATA[invalidusername]]>
              </value>
            </param>
            <param index="1">
              <value>
                <![CDATA[secret_sauce]]>
              </value>
            </param>
          </params>
          <reporter-output>
          </reporter-output>
        </test-method> <!-- InValidvalidLogin -->
        <test-method is-config="true" signature="BrowserTearDown()[pri:0, instance:pages.Swag_Parameters@6adbc9d]" started-at="2026-04-09T11:54:05 IST" name="BrowserTearDown" finished-at="2026-04-09T11:54:06 IST" duration-ms="437" status="PASS">
          <reporter-output>
          </reporter-output>
        </test-method> <!-- BrowserTearDown -->
      </class> <!-- pages.Swag_Parameters -->
    </test> <!-- EdgeTest -->
    <test started-at="2026-04-09T11:54:06 IST" name="FireFoxTest" finished-at="2026-04-09T11:55:19 IST" duration-ms="72858">
      <class name="pages.Swag_Parameters">
        <test-method is-config="true" signature="BrowserSetup(java.lang.String,java.lang.String)[pri:0, instance:pages.Swag_Parameters@4ec4f3a0]" started-at="2026-04-09T11:54:06 IST" name="BrowserSetup" finished-at="2026-04-09T11:54:14 IST" duration-ms="8675" status="PASS">
          <params>
            <param index="0">
              <value>
                <![CDATA[firefox]]>
              </value>
            </param>
            <param index="1">
              <value>
                <![CDATA[https://www.saucedemo.com/]]>
              </value>
            </param>
          </params>
          <reporter-output>
          </reporter-output>
        </test-method> <!-- BrowserSetup -->
        <test-method signature="ValidValidLogin(java.lang.String,java.lang.String)[pri:1, instance:pages.Swag_Parameters@4ec4f3a0]" started-at="2026-04-09T11:54:14 IST" name="ValidValidLogin" finished-at="2026-04-09T11:54:15 IST" duration-ms="867" status="PASS">
          <params>
            <param index="0">
              <value>
                <![CDATA[standard_user]]>
              </value>
            </param>
            <param index="1">
              <value>
                <![CDATA[secret_sauce]]>
              </value>
            </param>
          </params>
          <reporter-output>
          </reporter-output>
        </test-method> <!-- ValidValidLogin -->
        <test-method is-config="true" signature="BrowserTearDown()[pri:0, instance:pages.Swag_Parameters@4ec4f3a0]" started-at="2026-04-09T11:54:15 IST" name="BrowserTearDown" finished-at="2026-04-09T11:54:18 IST" duration-ms="2413" status="PASS">
          <reporter-output>
          </reporter-output>
        </test-method> <!-- BrowserTearDown -->
        <test-method is-config="true" signature="BrowserSetup(java.lang.String,java.lang.String)[pri:0, instance:pages.Swag_Parameters@4ec4f3a0]" started-at="2026-04-09T11:54:18 IST" name="BrowserSetup" finished-at="2026-04-09T11:54:26 IST" duration-ms="7991" status="PASS">
          <params>
            <param index="0">
              <value>
                <![CDATA[firefox]]>
              </value>
            </param>
            <param index="1">
              <value>
                <![CDATA[https://www.saucedemo.com/]]>
              </value>
            </param>
          </params>
          <reporter-output>
          </reporter-output>
        </test-method> <!-- BrowserSetup -->
        <test-method signature="InvalidLogin(java.lang.String,java.lang.String)[pri:2, instance:pages.Swag_Parameters@4ec4f3a0]" started-at="2026-04-09T11:54:26 IST" name="InvalidLogin" finished-at="2026-04-09T11:54:27 IST" duration-ms="1090" status="PASS">
          <params>
            <param index="0">
              <value>
                <![CDATA[invalidusername]]>
              </value>
            </param>
            <param index="1">
              <value>
                <![CDATA[invalidpassword]]>
              </value>
            </param>
          </params>
          <reporter-output>
          </reporter-output>
        </test-method> <!-- InvalidLogin -->
        <test-method is-config="true" signature="BrowserTearDown()[pri:0, instance:pages.Swag_Parameters@4ec4f3a0]" started-at="2026-04-09T11:54:27 IST" name="BrowserTearDown" finished-at="2026-04-09T11:54:29 IST" duration-ms="2202" status="PASS">
          <reporter-output>
          </reporter-output>
        </test-method> <!-- BrowserTearDown -->
        <test-method is-config="true" signature="BrowserSetup(java.lang.String,java.lang.String)[pri:0, instance:pages.Swag_Parameters@4ec4f3a0]" started-at="2026-04-09T11:54:29 IST" name="BrowserSetup" finished-at="2026-04-09T11:54:38 IST" duration-ms="9036" status="PASS">
          <params>
            <param index="0">
              <value>
                <![CDATA[firefox]]>
              </value>
            </param>
            <param index="1">
              <value>
                <![CDATA[https://www.saucedemo.com/]]>
              </value>
            </param>
          </params>
          <reporter-output>
          </reporter-output>
        </test-method> <!-- BrowserSetup -->
        <test-method signature="ValidInvalidLogin(java.lang.String,java.lang.String)[pri:3, instance:pages.Swag_Parameters@4ec4f3a0]" started-at="2026-04-09T11:54:38 IST" name="ValidInvalidLogin" finished-at="2026-04-09T11:54:39 IST" duration-ms="801" status="PASS">
          <params>
            <param index="0">
              <value>
                <![CDATA[standard_user]]>
              </value>
            </param>
            <param index="1">
              <value>
                <![CDATA[invalidpassword]]>
              </value>
            </param>
          </params>
          <reporter-output>
          </reporter-output>
        </test-method> <!-- ValidInvalidLogin -->
        <test-method is-config="true" signature="BrowserTearDown()[pri:0, instance:pages.Swag_Parameters@4ec4f3a0]" started-at="2026-04-09T11:54:39 IST" name="BrowserTearDown" finished-at="2026-04-09T11:55:09 IST" duration-ms="30021" status="PASS">
          <reporter-output>
          </reporter-output>
        </test-method> <!-- BrowserTearDown -->
        <test-method is-config="true" signature="BrowserSetup(java.lang.String,java.lang.String)[pri:0, instance:pages.Swag_Parameters@4ec4f3a0]" started-at="2026-04-09T11:55:09 IST" name="BrowserSetup" finished-at="2026-04-09T11:55:16 IST" duration-ms="7250" status="PASS">
          <params>
            <param index="0">
              <value>
                <![CDATA[firefox]]>
              </value>
            </param>
            <param index="1">
              <value>
                <![CDATA[https://www.saucedemo.com/]]>
              </value>
            </param>
          </params>
          <reporter-output>
          </reporter-output>
        </test-method> <!-- BrowserSetup -->
        <test-method signature="InValidvalidLogin(java.lang.String,java.lang.String)[pri:4, instance:pages.Swag_Parameters@4ec4f3a0]" started-at="2026-04-09T11:55:16 IST" name="InValidvalidLogin" finished-at="2026-04-09T11:55:17 IST" duration-ms="792" status="PASS">
          <params>
            <param index="0">
              <value>
                <![CDATA[invalidusername]]>
              </value>
            </param>
            <param index="1">
              <value>
                <![CDATA[secret_sauce]]>
              </value>
            </param>
          </params>
          <reporter-output>
          </reporter-output>
        </test-method> <!-- InValidvalidLogin -->
        <test-method is-config="true" signature="BrowserTearDown()[pri:0, instance:pages.Swag_Parameters@4ec4f3a0]" started-at="2026-04-09T11:55:17 IST" name="BrowserTearDown" finished-at="2026-04-09T11:55:19 IST" duration-ms="1693" status="PASS">
          <reporter-output>
          </reporter-output>
        </test-method> <!-- BrowserTearDown -->
      </class> <!-- pages.Swag_Parameters -->
    </test> <!-- FireFoxTest -->
  </suite> <!-- ParametersSuite -->
</testng-results>
