<?xml version="1.0" encoding="UTF-8"?>
<testng-results ignored="0" total="9" passed="9" failed="0" skipped="0">
  <reporter-output>
  </reporter-output>
  <suite started-at="2026-04-15T11:23:31 IST" name="Default suite" finished-at="2026-04-15T11:25:10 IST" duration-ms="98484">
    <groups>
      <group name="cucumber">
        <method signature="AbstractTestNGCucumberTests.runScenario(io.cucumber.testng.PickleWrapper,io.cucumber.testng.FeatureWrapper)[pri:0, instance:RunnerFiles.ScenarioOutline_Runner_TestNG@49ec71f8]" name="runScenario" class="io.cucumber.testng.AbstractTestNGCucumberTests"/>
      </group> <!-- cucumber -->
    </groups>
    <test started-at="2026-04-15T11:23:31 IST" name="Default test" finished-at="2026-04-15T11:25:10 IST" duration-ms="98484">
      <class name="RunnerFiles.ScenarioOutline_Runner_TestNG">
        <test-method is-config="true" signature="setUpClass(org.testng.ITestContext)[pri:0, instance:RunnerFiles.ScenarioOutline_Runner_TestNG@49ec71f8]" started-at="2026-04-15T11:23:31 IST" name="setUpClass" finished-at="2026-04-15T11:23:32 IST" duration-ms="885" status="PASS">
          <params>
            <param index="0">
              <value>
                <![CDATA[org.testng.TestRunner@59ce792e]]>
              </value>
            </param>
          </params>
          <reporter-output>
          </reporter-output>
        </test-method> <!-- setUpClass -->
        <test-method signature="runScenario(io.cucumber.testng.PickleWrapper,io.cucumber.testng.FeatureWrapper)[pri:0, instance:RunnerFiles.ScenarioOutline_Runner_TestNG@49ec71f8]" started-at="2026-04-15T11:23:32 IST" name="runScenario" description="Runs Cucumber Scenarios" data-provider="scenarios" finished-at="2026-04-15T11:23:46 IST" duration-ms="13593" status="PASS">
          <params>
            <param index="0">
              <value>
                <![CDATA["Swag Login Test with different username and password"]]>
              </value>
            </param>
            <param index="1">
              <value>
                <![CDATA["SwagLabs Login Functionality"]]>
              </value>
            </param>
          </params>
          <reporter-output>
          </reporter-output>
        </test-method> <!-- runScenario -->
        <test-method signature="runScenario(io.cucumber.testng.PickleWrapper,io.cucumber.testng.FeatureWrapper)[pri:0, instance:RunnerFiles.ScenarioOutline_Runner_TestNG@49ec71f8]" started-at="2026-04-15T11:23:46 IST" name="runScenario" description="Runs Cucumber Scenarios" data-provider="scenarios" finished-at="2026-04-15T11:23:56 IST" duration-ms="10303" status="PASS">
          <params>
            <param index="0">
              <value>
                <![CDATA["Swag Login Test with different username and password"]]>
              </value>
            </param>
            <param index="1">
              <value>
                <![CDATA["SwagLabs Login Functionality"]]>
              </value>
            </param>
          </params>
          <reporter-output>
          </reporter-output>
        </test-method> <!-- runScenario -->
        <test-method signature="runScenario(io.cucumber.testng.PickleWrapper,io.cucumber.testng.FeatureWrapper)[pri:0, instance:RunnerFiles.ScenarioOutline_Runner_TestNG@49ec71f8]" started-at="2026-04-15T11:23:56 IST" name="runScenario" description="Runs Cucumber Scenarios" data-provider="scenarios" finished-at="2026-04-15T11:24:07 IST" duration-ms="10659" status="PASS">
          <params>
            <param index="0">
              <value>
                <![CDATA["Swag Login Test with different username and password"]]>
              </value>
            </param>
            <param index="1">
              <value>
                <![CDATA["SwagLabs Login Functionality"]]>
              </value>
            </param>
          </params>
          <reporter-output>
          </reporter-output>
        </test-method> <!-- runScenario -->
        <test-method signature="runScenario(io.cucumber.testng.PickleWrapper,io.cucumber.testng.FeatureWrapper)[pri:0, instance:RunnerFiles.ScenarioOutline_Runner_TestNG@49ec71f8]" started-at="2026-04-15T11:24:07 IST" name="runScenario" description="Runs Cucumber Scenarios" data-provider="scenarios" finished-at="2026-04-15T11:24:18 IST" duration-ms="10634" status="PASS">
          <params>
            <param index="0">
              <value>
                <![CDATA["Swag Login Test with different username and password"]]>
              </value>
            </param>
            <param index="1">
              <value>
                <![CDATA["SwagLabs Login Functionality"]]>
              </value>
            </param>
          </params>
          <reporter-output>
          </reporter-output>
        </test-method> <!-- runScenario -->
        <test-method signature="runScenario(io.cucumber.testng.PickleWrapper,io.cucumber.testng.FeatureWrapper)[pri:0, instance:RunnerFiles.ScenarioOutline_Runner_TestNG@49ec71f8]" started-at="2026-04-15T11:24:18 IST" name="runScenario" description="Runs Cucumber Scenarios" data-provider="scenarios" finished-at="2026-04-15T11:24:28 IST" duration-ms="10643" status="PASS">
          <params>
            <param index="0">
              <value>
                <![CDATA["Swag Login Test with different username and password"]]>
              </value>
            </param>
            <param index="1">
              <value>
                <![CDATA["SwagLabs Login Functionality"]]>
              </value>
            </param>
          </params>
          <reporter-output>
          </reporter-output>
        </test-method> <!-- runScenario -->
        <test-method signature="runScenario(io.cucumber.testng.PickleWrapper,io.cucumber.testng.FeatureWrapper)[pri:0, instance:RunnerFiles.ScenarioOutline_Runner_TestNG@49ec71f8]" started-at="2026-04-15T11:24:28 IST" name="runScenario" description="Runs Cucumber Scenarios" data-provider="scenarios" finished-at="2026-04-15T11:24:38 IST" duration-ms="10121" status="PASS">
          <params>
            <param index="0">
              <value>
                <![CDATA["Swag Login Test with different username and password"]]>
              </value>
            </param>
            <param index="1">
              <value>
                <![CDATA["SwagLabs Login Functionality"]]>
              </value>
            </param>
          </params>
          <reporter-output>
          </reporter-output>
        </test-method> <!-- runScenario -->
        <test-method signature="runScenario(io.cucumber.testng.PickleWrapper,io.cucumber.testng.FeatureWrapper)[pri:0, instance:RunnerFiles.ScenarioOutline_Runner_TestNG@49ec71f8]" started-at="2026-04-15T11:24:38 IST" name="runScenario" description="Runs Cucumber Scenarios" data-provider="scenarios" finished-at="2026-04-15T11:24:48 IST" duration-ms="10101" status="PASS">
          <params>
            <param index="0">
              <value>
                <![CDATA["Swag Login Test with different username and password"]]>
              </value>
            </param>
            <param index="1">
              <value>
                <![CDATA["SwagLabs Login Functionality"]]>
              </value>
            </param>
          </params>
          <reporter-output>
          </reporter-output>
        </test-method> <!-- runScenario -->
        <test-method signature="runScenario(io.cucumber.testng.PickleWrapper,io.cucumber.testng.FeatureWrapper)[pri:0, instance:RunnerFiles.ScenarioOutline_Runner_TestNG@49ec71f8]" started-at="2026-04-15T11:24:48 IST" name="runScenario" description="Runs Cucumber Scenarios" data-provider="scenarios" finished-at="2026-04-15T11:24:59 IST" duration-ms="10700" status="PASS">
          <params>
            <param index="0">
              <value>
                <![CDATA["Swag Login Test with different username and password"]]>
              </value>
            </param>
            <param index="1">
              <value>
                <![CDATA["SwagLabs Login Functionality"]]>
              </value>
            </param>
          </params>
          <reporter-output>
          </reporter-output>
        </test-method> <!-- runScenario -->
        <test-method signature="runScenario(io.cucumber.testng.PickleWrapper,io.cucumber.testng.FeatureWrapper)[pri:0, instance:RunnerFiles.ScenarioOutline_Runner_TestNG@49ec71f8]" started-at="2026-04-15T11:24:59 IST" name="runScenario" description="Runs Cucumber Scenarios" data-provider="scenarios" finished-at="2026-04-15T11:25:10 IST" duration-ms="10743" status="PASS">
          <params>
            <param index="0">
              <value>
                <![CDATA["Swag Login Test with different username and password"]]>
              </value>
            </param>
            <param index="1">
              <value>
                <![CDATA["SwagLabs Login Functionality"]]>
              </value>
            </param>
          </params>
          <reporter-output>
          </reporter-output>
        </test-method> <!-- runScenario -->
        <test-method is-config="true" signature="tearDownClass()[pri:0, instance:RunnerFiles.ScenarioOutline_Runner_TestNG@49ec71f8]" started-at="2026-04-15T11:25:10 IST" name="tearDownClass" finished-at="2026-04-15T11:25:10 IST" duration-ms="17" status="PASS">
          <reporter-output>
          </reporter-output>
        </test-method> <!-- tearDownClass -->
      </class> <!-- RunnerFiles.ScenarioOutline_Runner_TestNG -->
    </test> <!-- Default test -->
  </suite> <!-- Default suite -->
</testng-results>
