<?xml version="1.0" encoding="UTF-8"?>
<!-- Generated by org.testng.reporters.JUnitXMLReporter -->
<testsuite ignored="0" hostname="DESKTOP-DCUKDOL" failures="0" tests="9" name="Default test" time="44.343" errors="0" timestamp="2026-04-08T11:53:59 IST">
  <testcase classname="pages.LoginPage" name="SwagLabsLogin" time="2.646"/>
  <testcase classname="pages.LoginPage" name="SwagLabsLogin" time="2.896"/>
  <testcase classname="pages.LoginPage" name="SwagLabsLogin" time="2.866"/>
  <testcase classname="pages.LoginPage" name="SwagLabsLogin" time="2.879"/>
  <testcase classname="pages.LoginPage" name="SwagLabsLogin" time="2.434"/>
  <testcase classname="pages.LoginPage" name="SwagLabsLogin" time="2.383"/>
  <testcase classname="pages.LoginPage" name="SwagLabsLogin" time="2.391"/>
  <testcase classname="pages.LoginPage" name="SwagLabsLogin" time="2.806"/>
  <testcase classname="pages.LoginPage" name="SwagLabsLogin" time="2.37"/>
</testsuite> <!-- Default test -->
