<?xml version="1.0" encoding="UTF-8"?>
<!-- Generated by org.testng.reporters.JUnitXMLReporter -->
<testsuite ignored="0" hostname="DESKTOP-DCUKDOL" failures="0" tests="9" name="Default test" time="50.028" errors="0" timestamp="2026-04-09T11:06:37 IST">
  <testcase classname="pages.LoginPage" name="SwagLabsLogin" time="3.236"/>
  <testcase classname="pages.LoginPage" name="SwagLabsLogin" time="2.925"/>
  <testcase classname="pages.LoginPage" name="SwagLabsLogin" time="2.895"/>
  <testcase classname="pages.LoginPage" name="SwagLabsLogin" time="2.449"/>
  <testcase classname="pages.LoginPage" name="SwagLabsLogin" time="2.413"/>
  <testcase classname="pages.LoginPage" name="SwagLabsLogin" time="2.368"/>
  <testcase classname="pages.LoginPage" name="SwagLabsLogin" time="2.438"/>
  <testcase classname="pages.LoginPage" name="SwagLabsLogin" time="2.343"/>
  <testcase classname="pages.LoginPage" name="SwagLabsLogin" time="2.41"/>
</testsuite> <!-- Default test -->
