<?xml version="1.0" encoding="UTF-8"?>
<!-- Generated by org.testng.reporters.JUnitXMLReporter -->
<testsuite ignored="0" hostname="DESKTOP-DCUKDOL" failures="0" tests="4" name="Default test" time="13.139" errors="0" timestamp="2026-03-26T11:46:08 IST">
  <testcase classname="testNG.SwagLoginPage" name="Swag_VU_VP" time="0.349"/>
  <testcase classname="testNG.SwagLoginPage" name="Swag_IVU_IVP" time="0.286"/>
  <testcase classname="testNG.SwagLoginPage" name="Swag_VU_IVP" time="3.31"/>
  <testcase classname="testNG.SwagLoginPage" name="Swag_IVU_VP" time="3.263"/>
</testsuite> <!-- Default test -->
