<?xml version="1.0" encoding="UTF-8"?>
<!-- Generated by org.testng.reporters.JUnitXMLReporter -->
<testsuite ignored="0" hostname="DESKTOP-DCUKDOL" failures="0" tests="7" name="Default test" time="73.112" errors="0" timestamp="2026-03-31T11:49:00 IST">
  <testcase classname="dataDriven_SwagLabs.SwagTestData_ExcelSheets" name="SwagLabsLogin" time="10.859"/>
  <testcase classname="dataDriven_SwagLabs.SwagTestData_ExcelSheets" name="SwagLabsLogin" time="9.978"/>
  <testcase classname="dataDriven_SwagLabs.SwagTestData_ExcelSheets" name="SwagLabsLogin" time="10.41"/>
  <testcase classname="dataDriven_SwagLabs.SwagTestData_ExcelSheets" name="SwagLabsLogin" time="10.418"/>
  <testcase classname="dataDriven_SwagLabs.SwagTestData_ExcelSheets" name="SwagLabsLogin" time="9.958"/>
  <testcase classname="dataDriven_SwagLabs.SwagTestData_ExcelSheets" name="SwagLabsLogin" time="10.315"/>
  <testcase classname="dataDriven_SwagLabs.SwagTestData_ExcelSheets" name="SwagLabsLogin" time="10.258"/>
</testsuite> <!-- Default test -->
