<?xml version="1.0" encoding="UTF-8"?>
<!-- Generated by org.testng.reporters.JUnitReportReporter -->
<testsuite hostname="DESKTOP-DCUKDOL" failures="0" tests="9" name="RunnerFiles.ScenarioOutline_Runner_TestNG" time="97.497" errors="0" timestamp="2026-04-15T11:25:10 IST" skipped="0">
  <testcase classname="RunnerFiles.ScenarioOutline_Runner_TestNG" name="runScenario" time="10.743"/>
  <testcase classname="RunnerFiles.ScenarioOutline_Runner_TestNG" name="runScenario" time="13.593"/>
  <testcase classname="RunnerFiles.ScenarioOutline_Runner_TestNG" name="runScenario" time="10.303"/>
  <testcase classname="RunnerFiles.ScenarioOutline_Runner_TestNG" name="runScenario" time="10.643"/>
  <testcase classname="RunnerFiles.ScenarioOutline_Runner_TestNG" name="runScenario" time="10.634"/>
  <testcase classname="RunnerFiles.ScenarioOutline_Runner_TestNG" name="runScenario" time="10.659"/>
  <testcase classname="RunnerFiles.ScenarioOutline_Runner_TestNG" name="runScenario" time="10.121"/>
  <testcase classname="RunnerFiles.ScenarioOutline_Runner_TestNG" name="runScenario" time="10.101"/>
  <testcase classname="RunnerFiles.ScenarioOutline_Runner_TestNG" name="runScenario" time="10.700"/>
</testsuite> <!-- RunnerFiles.ScenarioOutline_Runner_TestNG -->
